<?xml version="1.0" encoding="UTF-8"?>
<!-- Generated by org.testng.reporters.JUnitReportReporter -->
<testsuite skipped="0" hostname="cal-fatma" name="countryAPI.countries" tests="3" failures="0" timestamp="2021-02-03T20:46:46 EET" time="7.087" errors="0">
  <testcase name="requestUsZipCode90210_extractPlaceNameFromResponseBody_assertEqualToBeverlyHills" time="1.145" classname="countryAPI.countries"/>
  <system-out/>
  <testcase name="requestUsZipCode90210_checkPlaceNameInResponseBody_expectBeverlyHills_withResponseSpec" time="3.289" classname="countryAPI.countries"/>
  <system-out/>
  <testcase name="xxrequestUsZipCode90210_extractPlaceNameFromResponseBody_assertEqualToBeverlyHills" time="2.653" classname="countryAPI.countries"/>
  <system-out/>
</testsuite> <!-- countryAPI.countries -->
