<?xml version="1.0" encoding="UTF-8"?>
<!-- Generated by org.testng.reporters.JUnitReportReporter -->
<testsuite skipped="0" hostname="cal-fatma" name="countryAPI.countryAPI" tests="2" failures="0" timestamp="2021-02-03T19:55:21 EET" time="13.750" errors="0">
  <testcase name="restAssuredGherkinsSyntaxTest" time="6.070" classname="countryAPI.countryAPI"/>
  <system-out/>
  <testcase name="restAssuredTest" time="7.680" classname="countryAPI.countryAPI"/>
  <system-out/>
</testsuite> <!-- countryAPI.countryAPI -->
