<?xml version="1.0" encoding="UTF-8"?>
<!-- Generated by org.testng.reporters.JUnitReportReporter -->
<testsuite skipped="0" hostname="cal-fatma" name="countryAPI.OptimizingCodeDemo" tests="2" failures="0" timestamp="2021-02-03T20:03:56 EET" time="3.862" errors="0">
  <testcase name="requestUsZipCode90210_checkPlaceNameInResponseBody_expectBeverlyHills_withResponseSpec" time="3.042" classname="countryAPI.OptimizingCodeDemo"/>
  <system-out/>
  <testcase name="requestUsZipCode90210_extractPlaceNameFromResponseBody_assertEqualToBeverlyHills" time="0.820" classname="countryAPI.OptimizingCodeDemo"/>
  <system-out/>
</testsuite> <!-- countryAPI.OptimizingCodeDemo -->
