<?xml version="1.0" encoding="UTF-8"?>
<!-- Generated by org.testng.reporters.JUnitReportReporter -->
<testsuite skipped="0" hostname="cal-fatma" name="countryAPI.countriesAPIs" tests="2" failures="0" timestamp="2021-02-04T18:28:40 EET" time="7.532" errors="0">
  <testcase name="checkTheResponceWhenSendInvalidData" time="3.717" classname="countryAPI.countriesAPIs"/>
  <system-out/>
  <testcase name="extractCapitalNameFromResponseBodyAndSendItToAnotherAPI" time="3.815" classname="countryAPI.countriesAPIs"/>
  <system-out/>
</testsuite> <!-- countryAPI.countriesAPIs -->
